Aug 06, 2019 6:42:04 PM Client.Client managerAddEvent
INFO: Manager: MTLM3832 adding a new Event with Event id: MTLA120819 ,Event Type: Conferences and Booking Capacity: 3
Aug 06, 2019 6:42:04 PM Client.Client managerAddEvent
INFO: Response of server: Operations Successful   Event Added in Montreal Server for Event ID  MTLA120819 Event Type  Conferences Booking Capacity  3
Aug 06, 2019 6:42:24 PM Client.Client managerAddEvent
INFO: Manager: MTLM3832 adding a new Event with Event id: MTLA120883 ,Event Type: Seminars and Booking Capacity: 3
Aug 06, 2019 6:42:24 PM Client.Client managerAddEvent
INFO: Response of server: Operations Successful   Event Added in Montreal Server for Event ID  MTLA120883 Event Type  Seminars Booking Capacity  3
Aug 06, 2019 6:43:03 PM Client.Client managerAddEvent
INFO: Manager: MTLM3832 adding a new Event with Event id: MTLA120892 ,Event Type: Seminars and Booking Capacity: 3
Aug 06, 2019 6:43:03 PM Client.Client managerAddEvent
INFO: Response of server: Operations Successful   Event Added in Montreal Server for Event ID  MTLA120892 Event Type  Seminars Booking Capacity  3
Aug 06, 2019 7:05:30 PM Client.Client managerAddEvent
INFO: Manager: MTLM3832 adding a new Event with Event id: MTLA120819 ,Event Type: Conferences and Booking Capacity: 3
Aug 06, 2019 7:05:30 PM Client.Client managerAddEvent
INFO: Response of server: Operations Successful   Event Added in Montreal Server for Event ID  MTLA120819 Event Type  Conferences Booking Capacity  3
Aug 06, 2019 7:05:48 PM Client.Client managerAddEvent
INFO: Manager: MTLM3832 adding a new Event with Event id: MTLA120869 ,Event Type: Seminars and Booking Capacity: 3
Aug 06, 2019 7:05:48 PM Client.Client managerAddEvent
INFO: Response of server: Operations Successful   Event Added in Montreal Server for Event ID  MTLA120869 Event Type  Seminars Booking Capacity  3
