Aug 07, 2019 5:40:08 PM Client.Client managerAddEvent
INFO: Manager: MTLM3848 adding a new Event with Event id: MTLE160358 ,Event Type: Seminars and Booking Capacity: 2
Aug 07, 2019 5:40:08 PM Client.Client managerAddEvent
INFO: Response of server: Operations Successful   Event Added in Montreal Server for Event ID  MTLE160358 Event Type  Seminars Booking Capacity  2
Aug 07, 2019 5:40:37 PM Client.Client managerListEvents
INFO: Response of Server: EventID  TORE121219  Booking Capacity 20EventID  TORA121219  Booking Capacity 60EventID  TORM121219  Booking Capacity 999   EventID  OTWA121219  Booking Capacity 90EventID  OTWE121219  Booking Capacity 40EventID  OTWM121219  Booking Capacity 999   EventID  MTLM130722  Booking Capacity 60EventID  MTLA121219  Booking Capacity 90EventID  MTLM130720  Booking Capacity 60EventID  MTLE230719  Booking Capacity 2EventID  MTLM121219  Booking Capacity 999EventID  MTLA080619  Booking Capacity 2EventID  MTLE121219  Booking Capacity 60EventID  MTLA090619  Booking Capacity 2
Aug 07, 2019 5:42:54 PM Client.Client managerListEvents
INFO: Response of Server: EventID  TORM051022  Booking Capacity 70EventID  TORE999999  Booking Capacity 999EventID  TORA070724  Booking Capacity 80EventID  TORM051020  Booking Capacity 70EventID  TORM051021  Booking Capacity 70   EventID  OTWM140147  Booking Capacity 50EventID  OTWE999999  Booking Capacity 999EventID  OTWA260939  Booking Capacity 90   EventID  MTLE999999  Booking Capacity 999EventID  MTLE160358  Booking Capacity 2EventID  MTLA201121  Booking Capacity 50EventID  MTLM310522  Booking Capacity 20
Aug 07, 2019 6:16:21 PM Client.Client managerAddEvent
INFO: Manager: MTLM3848 adding a new Event with Event id: MTLA090619 ,Event Type: Conferences and Booking Capacity: 1
Aug 07, 2019 6:16:21 PM Client.Client managerAddEvent
INFO: Response of server: Operations Successful   Event Added in Montreal Server for Event ID  MTLA090619 Event Type  Conferences Booking Capacity  1
Aug 07, 2019 6:16:37 PM Client.Client managerAddEvent
INFO: Manager: MTLM3848 adding a new Event with Event id: MTLA080619 ,Event Type: Conferences and Booking Capacity: 2
Aug 07, 2019 6:16:37 PM Client.Client managerAddEvent
INFO: Response of server: Operations Successful   Event Added in Montreal Server for Event ID  MTLA080619 Event Type  Conferences Booking Capacity  2
Aug 07, 2019 6:16:59 PM Client.Client managerAddEvent
INFO: Manager: MTLM3848 adding a new Event with Event id: MTLE230719 ,Event Type: Conferences and Booking Capacity: 3
Aug 07, 2019 6:17:00 PM Client.Client managerAddEvent
INFO: Response of server: Operations Successful   Event Added in Montreal Server for Event ID  MTLE230719 Event Type  Conferences Booking Capacity  3
Aug 07, 2019 6:24:52 PM Client.Client managerAddEvent
INFO: Manager: MTLM3848 adding a new Event with Event id: TORE080619 ,Event Type: Conferences and Booking Capacity: 3
Aug 07, 2019 6:24:52 PM Client.Client managerAddEvent
INFO: Response of server: Operations Unsuccessful   Event Not Added in Montreal Server for Event ID  TORE080619 Event Type  Conferences because the Event ID  TORE080619 is not of Montreal format  MTL
Aug 07, 2019 7:59:25 PM Client.Client managerAddEvent
INFO: Manager: MTLM3848 adding a new Event with Event id: MTLA090619 ,Event Type: Conferences and Booking Capacity: 2
Aug 07, 2019 7:59:25 PM Client.Client managerAddEvent
INFO: Response of server: Unknown Error. Please try again!
Aug 07, 2019 8:01:15 PM Client.Client managerAddEvent
INFO: Manager: MTLM3848 adding a new Event with Event id: MTLA090619 ,Event Type: Conferences and Booking Capacity: 2
Aug 07, 2019 8:10:58 PM Client.Client managerAddEvent
INFO: Manager: MTLM3848 adding a new Event with Event id: MTLA090619 ,Event Type: Conferences and Booking Capacity: 3
Aug 07, 2019 8:10:58 PM Client.Client managerAddEvent
INFO: Response of server: Operations Successful   Event Added in Montreal Server for Event ID  MTLA090619 Event Type  Conferences Booking Capacity  3
Aug 07, 2019 8:12:19 PM Client.Client runBookEvent
INFO: Operation Successful  Book Event Requested by MTLC8485 for Event Type Conferences with Event ID MTLA090619 has been booked
