Aug 06, 2019 6:26:46 PM Client.Client managerAddEvent
INFO: Manager: MTLM3838 adding a new Event with Event id: MTLA120885 ,Event Type: Conferences and Booking Capacity: 3
Aug 06, 2019 6:26:46 PM Client.Client managerAddEvent
INFO: Response of server: Operations Successful   Event Added in Montreal Server for Event ID  MTLA120885 Event Type  Conferences Booking Capacity  3
Aug 06, 2019 6:28:12 PM Client.Client managerAddEvent
INFO: Manager: MTLM3838 adding a new Event with Event id: MTLA120883 ,Event Type: TradeShows and Booking Capacity: 5
Aug 06, 2019 6:28:12 PM Client.Client managerAddEvent
INFO: Response of server: Operations Successful   Event Added in Montreal Server for Event ID  MTLA120883 Event Type  TradeShows Booking Capacity  5
Aug 06, 2019 6:35:20 PM Client.Client managerAddEvent
INFO: Manager: MTLM3838 adding a new Event with Event id: MTLA120419 ,Event Type: Conferences and Booking Capacity: 3
Aug 06, 2019 6:35:20 PM Client.Client managerAddEvent
INFO: Response of server: Operations Successful   Event Added in Montreal Server for Event ID  MTLA120419 Event Type  Conferences Booking Capacity  3
Aug 06, 2019 6:37:40 PM Client.Client managerAddEvent
INFO: Manager: MTLM3838 adding a new Event with Event id: MTLA120819 ,Event Type: Seminars and Booking Capacity: 3
Aug 06, 2019 6:37:40 PM Client.Client managerAddEvent
INFO: Response of server: Operations Successful   Event Added in Montreal Server for Event ID  MTLA120819 Event Type  Seminars Booking Capacity  3
Aug 06, 2019 6:38:12 PM Client.Client managerAddEvent
INFO: Manager: MTLM3838 adding a new Event with Event id: MTLA120894 ,Event Type: Seminars and Booking Capacity: 3
Aug 06, 2019 6:38:12 PM Client.Client managerAddEvent
INFO: Response of server: Operations Successful   Event Added in Montreal Server for Event ID  MTLA120894 Event Type  Seminars Booking Capacity  3
Aug 06, 2019 6:50:26 PM Client.Client managerAddEvent
INFO: Manager: MTLM3838 adding a new Event with Event id: MTLA120819 ,Event Type: Conferences and Booking Capacity: 3
Aug 06, 2019 6:50:26 PM Client.Client managerAddEvent
INFO: Response of server: Operations Successful   Event Added in Montreal Server for Event ID  MTLA120819 Event Type  Conferences Booking Capacity  3
Aug 06, 2019 6:50:52 PM Client.Client managerAddEvent
INFO: Manager: MTLM3838 adding a new Event with Event id: MTLA120893 ,Event Type: Seminars and Booking Capacity: 3
Aug 06, 2019 6:50:52 PM Client.Client managerAddEvent
INFO: Response of server: Operations Successful   Event Added in Montreal Server for Event ID  MTLA120893 Event Type  Seminars Booking Capacity  3
Aug 06, 2019 6:51:19 PM Client.Client managerAddEvent
INFO: Manager: MTLM3838 adding a new Event with Event id: MTLA120883 ,Event Type: TradeShows and Booking Capacity: 3
Aug 06, 2019 6:51:19 PM Client.Client managerAddEvent
INFO: Response of server: Operations Successful   Event Added in Montreal Server for Event ID  MTLA120883 Event Type  TradeShows Booking Capacity  3
Aug 06, 2019 6:57:39 PM Client.Client managerAddEvent
INFO: Manager: MTLM3838 adding a new Event with Event id: MTLA120819 ,Event Type: Conferences and Booking Capacity: 2
Aug 06, 2019 6:57:39 PM Client.Client managerAddEvent
INFO: Response of server: Operations Successful   Event Added in Montreal Server for Event ID  MTLA120819 Event Type  Conferences Booking Capacity  2
Aug 06, 2019 6:57:58 PM Client.Client managerAddEvent
INFO: Manager: MTLM3838 adding a new Event with Event id: MTLA120834 ,Event Type: Conferences and Booking Capacity: 3
Aug 06, 2019 6:57:58 PM Client.Client managerAddEvent
INFO: Response of server: Operations Successful   Event Added in Montreal Server for Event ID  MTLA120834 Event Type  Conferences Booking Capacity  3
Aug 06, 2019 6:58:31 PM Client.Client managerAddEvent
INFO: Manager: MTLM3838 adding a new Event with Event id: MTLA120883 ,Event Type: Conferences and Booking Capacity: 3
Aug 06, 2019 6:58:31 PM Client.Client managerAddEvent
INFO: Response of server: Operations Successful   Event Added in Montreal Server for Event ID  MTLA120883 Event Type  Conferences Booking Capacity  3
Aug 06, 2019 7:29:16 PM Client.Client managerAddEvent
INFO: Manager: MTLM3838 adding a new Event with Event id: MTLA120819 ,Event Type: Conferences and Booking Capacity: 2
Aug 06, 2019 7:29:16 PM Client.Client managerAddEvent
INFO: Response of server: Operations Successful   Event Added in Montreal Server for Event ID  MTLA120819 Event Type  Conferences Booking Capacity  2
Aug 06, 2019 7:29:31 PM Client.Client managerAddEvent
INFO: Manager: MTLM3838 adding a new Event with Event id: MTLA120893 ,Event Type: Seminars and Booking Capacity: 3
Aug 06, 2019 7:29:31 PM Client.Client managerAddEvent
INFO: Response of server: Operations Successful   Event Added in Montreal Server for Event ID  MTLA120893 Event Type  Seminars Booking Capacity  3
Aug 06, 2019 7:31:27 PM Client.Client managerAddEvent
INFO: Manager: MTLM3838 adding a new Event with Event id: MTLA120828 ,Event Type: Conferences and Booking Capacity: 2
Aug 06, 2019 7:31:27 PM Client.Client managerAddEvent
INFO: Response of server: 
Aug 06, 2019 7:32:06 PM Client.Client managerAddEvent
INFO: Manager: MTLM3838 adding a new Event with Event id: MTLA120899 ,Event Type: Conferences and Booking Capacity: 2
Aug 06, 2019 7:32:06 PM Client.Client managerAddEvent
INFO: Response of server: Operations Successful   Event Added in Montreal Server for Event ID  MTLA120899 Event Type  Conferences Booking Capacity  2
