Aug 07, 2019 9:36:31 PM Client.Client managerAddEvent
INFO: Manager: MTLM3831 adding a new Event with Event id: MTLA110734 ,Event Type: Conferences and Booking Capacity: 2
Aug 07, 2019 9:36:31 PM Client.Client managerAddEvent
INFO: Response of server: Operations Successful   Event Added in Montreal Server for Event ID  MTLA110734 Event Type  Conferences Booking Capacity  2
Aug 07, 2019 9:36:50 PM Client.Client runBookEvent
INFO: Operation Successful  Book Event Requested by OTWC4848 for Event Type Conferences with Event ID MTLA110734 has been booked
Aug 07, 2019 9:36:59 PM Client.Client managerListEvents
INFO: Response of Server: EventID  TORA080619  Booking Capacity 3EventID  TORM121219  Booking Capacity 999EventID  TORA090619  Booking Capacity 2   EventID  OTWM121219  Booking Capacity 999   EventID  MTLA110734  Booking Capacity 1EventID  MTLM121219  Booking Capacity 999
Aug 07, 2019 9:37:22 PM Client.Client runBookingSchedule
INFO: Booking Schedule Requested by OTWC4848
Aug 07, 2019 9:37:22 PM Client.Client runBookingSchedule
INFO: Operation Sucessful. Records for OTWC4848 have been found
Aug 07, 2019 9:37:22 PM Client.Client runBookingSchedule
INFO: 
Aug 07, 2019 9:38:38 PM Client.Client managerListEvents
INFO: Response of Server: EventID  TORA080619  Booking Capacity 3EventID  TORM121219  Booking Capacity 999EventID  TORA090619  Booking Capacity 2   EventID  OTWM121219  Booking Capacity 999   EventID  MTLA110734  Booking Capacity 1EventID  MTLM121219  Booking Capacity 999
Aug 07, 2019 9:40:15 PM Client.Client runBookingSchedule
INFO: Booking Schedule Requested by OTWC4848
Aug 07, 2019 9:40:15 PM Client.Client runBookingSchedule
INFO: Operation Sucessful. Records for OTWC4848 have been found
Aug 07, 2019 9:40:15 PM Client.Client runBookingSchedule
INFO: 
Aug 07, 2019 9:40:49 PM Client.Client runBookEvent
INFO: Operation Unsuccessful  Book Event Requested by OTWC4848 for Event Type Conferences with Event ID TORA080619 cannot be booked  Event Does Not Exist
Aug 07, 2019 9:41:26 PM Client.Client managerListEvents
INFO: Response of Server: EventID  TORA080619  Booking Capacity 2EventID  TORM121219  Booking Capacity 999EventID  TORA090619  Booking Capacity 2   EventID  OTWM121219  Booking Capacity 999   EventID  MTLA110734  Booking Capacity 1EventID  MTLM121219  Booking Capacity 999
Aug 07, 2019 9:42:12 PM Client.Client runBookEvent
INFO: Operation Successful  Book Event Requested by MTLC3838 for Event Type Conferences with Event ID TORA080619 has been booked
Aug 07, 2019 9:42:57 PM Client.Client runBookEvent
INFO: Operation Successful  Book Event Requested by OTWC3939 for Event Type Conferences with Event ID TORA080619 has been booked
Aug 07, 2019 9:43:48 PM Client.Client runBookingSchedule
INFO: Booking Schedule Requested by OTWC3939
Aug 07, 2019 9:43:48 PM Client.Client runBookingSchedule
INFO: Operation Sucessful. Records for OTWC3939 have been found
Aug 07, 2019 9:43:48 PM Client.Client runBookingSchedule
INFO: 
