Aug 01, 2019 4:29:37 PM Client.Client managerAddEvent
INFO: Manager: TORM3443 adding a new Event with Event id: TORE121225 ,Event Type: TradeShows and Booking Capacity: 3
Aug 01, 2019 4:29:40 PM Client.Client managerAddEvent
INFO: Response of server: Operations Successful!. Event Added in Toronto Server for Event ID: TORE121225 Event Type: TradeShows Booking Capacity: 3
Aug 01, 2019 4:34:24 PM Client.Client managerListEvents
INFO: Response of Server: EventID: OTWA999999| Booking Capacity 999
EventID: OTWM070728| Booking Capacity 50
EventID: OTWE210322| Booking Capacity 40
Aug 01, 2019 4:34:48 PM Client.Client managerListEvents
INFO: Response of Server: EventID: OTWM140147| Booking Capacity 50
EventID: OTWE999999| Booking Capacity 999
EventID: OTWA260939| Booking Capacity 90
Aug 01, 2019 4:34:54 PM Client.Client managerListEvents
INFO: Response of Server: EventID: OTWE251023| Booking Capacity 40
EventID: OTWM999999| Booking Capacity 999
EventID: OTWA030326| Booking Capacity 90
Aug 01, 2019 4:36:49 PM Client.Client runBookingSchedule
INFO: Booking Schedule Requested by MTLC3434
Aug 01, 2019 4:36:51 PM Client.Client runBookingSchedule
INFO: Operation Sucessful. Records for MTLC3434 have been found
Aug 01, 2019 4:36:51 PM Client.Client runBookingSchedule
INFO: 
