Aug 01, 2019 5:13:17 PM Client.Client managerAddEvent
INFO: Manager: TORM3434 adding a new Event with Event id: TORM071123 ,Event Type: TradeShows and Booking Capacity: 2
Aug 01, 2019 5:13:20 PM Client.Client managerAddEvent
INFO: Response of server: Operations Successful   Event Added in Toronto Server for Event ID  TORM071123 Event Type  TradeShows Booking Capacity  2
Aug 02, 2019 7:11:53 PM Client.Client managerListEvents
INFO: Response of Server: EventID  OTWM140147  Booking Capacity 50 EventID  OTWE999999  Booking Capacity 999 EventID  OTWA260939  Booking Capacity 90
Aug 02, 2019 7:13:07 PM Client.Client managerAddEvent
INFO: Manager: TORM3434 adding a new Event with Event id: TORE011123 ,Event Type: Conferences and Booking Capacity: 3
Aug 02, 2019 7:13:07 PM Client.Client managerAddEvent
INFO: Response of server: Operations Unsuccessful   Event Not Added in Toronto Server for Event ID  TORE011123 Event Type  Conferences because the Event ID  TORE011123 is already added for the Event Type  Conferences  But  the Booking Capacity is updated to 3
Aug 02, 2019 7:15:15 PM Client.Client runBookingSchedule
INFO: Booking Schedule Requested by MTLC3434
Aug 02, 2019 7:15:15 PM Client.Client runBookingSchedule
INFO: Operation Sucessful. Records for MTLC3434 have been found
Aug 02, 2019 7:15:15 PM Client.Client runBookingSchedule
INFO: 
Aug 02, 2019 7:15:56 PM Client.Client managerAddEvent
INFO: Manager: TORM3434 adding a new Event with Event id: TORM241096 ,Event Type: TradeShows and Booking Capacity: 3
Aug 02, 2019 7:15:56 PM Client.Client managerAddEvent
INFO: Response of server: Operations Unsuccessful   Event Not Added in Toronto Server for Event ID  TORM241096 Event Type  TradeShows because the Event ID  TORM241096 is already added for the Event Type  TradeShows  But  the Booking Capacity is updated to 3
Aug 02, 2019 7:17:15 PM Client.Client runBookEvent
INFO: Operation Unsuccessful  Book Event Requested by MTLC9393 for Event Type Conferences with Event ID MTLM130722 cannot be booked  Customer already booked for this event
Aug 02, 2019 7:20:27 PM Client.Client managerAddEvent
INFO: Manager: TORM3434 adding a new Event with Event id: OTWE211223 ,Event Type: Conferences and Booking Capacity: 3
Aug 02, 2019 7:20:27 PM Client.Client managerAddEvent
INFO: Response of server: Operations Unsuccessful   Event Not Added in Toronto Server for Event ID  OTWE211223 Event Type  Conferences because the Event ID  OTWE211223 is not of Toronto format  TOR
Aug 02, 2019 7:21:11 PM Client.Client managerAddEvent
INFO: Manager: TORM3434 adding a new Event with Event id: TORE211223 ,Event Type: Conferences and Booking Capacity: 2
Aug 02, 2019 7:21:11 PM Client.Client managerAddEvent
INFO: Response of server: Operations Unsuccessful   Event Not Added in Toronto Server for Event ID  TORE211223 Event Type  Conferences because the Event ID  TORE211223 is already added for the Event Type  Conferences  But  the Booking Capacity is updated to 2
Aug 02, 2019 7:22:49 PM Client.Client runManagerMenu
INFO: Response of server: Operation Unsuccessful  Swap Event Requested by MTLC3434 for New Event Type Conferences with New Event ID TORE211223 with Old Event Type TradeShows with old Event ID OTWE211223 cannot be swaped   Old Event is Invalid
