Aug 07, 2019 3:12:38 PM Client.Client managerAddEvent
INFO: Manager: TORM2020 adding a new Event with Event id: TORM100560 ,Event Type: Conferences and Booking Capacity: 2
Aug 07, 2019 3:12:38 PM Client.Client managerAddEvent
INFO: Response of server: Operations Successful   Event Added in Toronto Server for Event ID  TORM100560 Event Type  Conferences Booking Capacity  2
Aug 07, 2019 3:14:35 PM Client.Client managerAddEvent
INFO: Manager: TORM2020 adding a new Event with Event id: TORM100566 ,Event Type: TradeShows and Booking Capacity: 2
Aug 07, 2019 3:14:35 PM Client.Client managerAddEvent
INFO: Response of server: Operations Successful   Event Added in Toronto Server for Event ID  TORM100566 Event Type  TradeShows Booking Capacity  2
Aug 07, 2019 3:14:46 PM Client.Client managerAddEvent
INFO: Manager: TORM2020 adding a new Event with Event id: TORM100569 ,Event Type: Seminars and Booking Capacity: 3
Aug 07, 2019 3:14:46 PM Client.Client managerAddEvent
INFO: Response of server: Operations Successful   Event Added in Toronto Server for Event ID  TORM100569 Event Type  Seminars Booking Capacity  3
Aug 07, 2019 3:14:59 PM Client.Client managerAddEvent
INFO: Manager: TORM2020 adding a new Event with Event id: TORM100561 ,Event Type: Conferences and Booking Capacity: 4
Aug 07, 2019 3:14:59 PM Client.Client managerAddEvent
INFO: Response of server: Operations Successful   Event Added in Toronto Server for Event ID  TORM100561 Event Type  Conferences Booking Capacity  4
Aug 07, 2019 3:15:50 PM Client.Client managerAddEvent
INFO: Manager: TORM2020 adding a new Event with Event id: TORM100562 ,Event Type: TradeShows and Booking Capacity: 5
Aug 07, 2019 3:15:50 PM Client.Client managerAddEvent
INFO: Response of server: Operations Successful   Event Added in Toronto Server for Event ID  TORM100562 Event Type  TradeShows Booking Capacity  5
